<?xml version="1.0" encoding="UTF-8"?>
<!-- Generated by org.testng.reporters.JUnitReportReporter -->
<testsuite hostname="DESKTOP-2RN5FLR" failures="0" tests="2" name="dp.login" time="0.009" errors="0" timestamp="2024-03-25T16:54:04 IST" skipped="0">
  <testcase classname="dp.login" name="login1" time="0.008"/>
  <testcase classname="dp.login" name="login1" time="0.001"/>
</testsuite> <!-- dp.login -->
